<html>
<head>
<title>TestNG:  Test</title>
<link href="../testng.css" rel="stylesheet" type="text/css" />
<link href="../my-testng.css" rel="stylesheet" type="text/css" />

<style type="text/css">
.log { display: none;} 
.stack-trace { display: none;} 
</style>
<script type="text/javascript">
<!--
function flip(e) {
  current = e.style.display;
  if (current == 'block') {
    e.style.display = 'none';
    return 0;
  }
  else {
    e.style.display = 'block';
    return 1;
  }
}

function toggleBox(szDivId, elem, msg1, msg2)
{
  var res = -1;  if (document.getElementById) {
    res = flip(document.getElementById(szDivId));
  }
  else if (document.all) {
    // this is the way old msie versions work
    res = flip(document.all[szDivId]);
  }
  if(elem) {
    if(res == 0) elem.innerHTML = msg1; else elem.innerHTML = msg2;
  }

}

function toggleAllBoxes() {
  if (document.getElementsByTagName) {
    d = document.getElementsByTagName('div');
    for (i = 0; i < d.length; i++) {
      if (d[i].className == 'log') {
        flip(d[i]);
      }
    }
  }
}

// -->
</script>

</head>
<body>
<h2 align='center'>Test</h2><table border='1' align="center">
<tr>
<td>Tests passed/Failed/Skipped:</td><td>14/2/0</td>
</tr><tr>
<td>Started on:</td><td>Wed Oct 23 21:20:14 IST 2019</td>
</tr>
<tr><td>Total time:</td><td>110 seconds (110574 ms)</td>
</tr><tr>
<td>Included groups:</td><td></td>
</tr><tr>
<td>Excluded groups:</td><td></td>
</tr>
</table><p/>
<small><i>(Hover the method name to see the test class name)</i></small><p/>
<table width='100%' border='1' class='invocation-failed'>
<tr><td colspan='4' align='center'><b>FAILED TESTS</b></td></tr>
<tr><td><b>Test method</b></td>
<td width="30%"><b>Exception</b></td>
<td width="10%"><b>Time (seconds)</b></td>
<td><b>Instance</b></td>
</tr>
<tr>
<td title='com.atmecs.konakart.script.ProductSearch.positiveSearches()'><b>positiveSearches</b><br>Test class: com.atmecs.konakart.script.ProductSearch<br>Parameters: Electronics, Nikon D5100 SLR, 1-1 of 1 products</td>
<td><div><pre>org.openqa.selenium.NoSuchElementException: Unable to locate element: (//span[@class=&apos;number-of-items navigation-element&apos;])[1]
For documentation on this error, please visit: https://www.seleniumhq.org/exceptions/no_such_element.html
Build info: version: &apos;4.0.0-alpha-1&apos;, revision: &apos;d1d3728cae&apos;, time: &apos;2019-04-24T13:42:21&apos;
System info: host: &apos;ATMECSINLT-028&apos;, ip: &apos;55.55.54.55&apos;, os.name: &apos;Windows 10&apos;, os.arch: &apos;amd64&apos;, os.version: &apos;10.0&apos;, java.version: &apos;12.0.2&apos;
Driver info: org.openqa.selenium.firefox.FirefoxDriver
Capabilities {acceptInsecureCerts: true, browserName: firefox, browserVersion: 69.0.3, javascriptEnabled: true, moz:accessibilityChecks: false, moz:buildID: 20191009172106, moz:geckodriverVersion: 0.24.0, moz:headless: false, moz:processID: 11300, moz:profile: C:\Users\ranjitha.selvam\Ap..., moz:shutdownTimeout: 60000, moz:useNonSpecCompliantPointerOrigin: false, moz:webdriverClick: true, pageLoadStrategy: normal, platform: WINDOWS, platformName: WINDOWS, platformVersion: 10.0, rotatable: false, setWindowRect: true, strictFileInteractability: false, timeouts: {implicit: 0, pageLoad: 300000, script: 30000}, unhandledPromptBehavior: dismiss and notify}
Session ID: bd1fbbcc-7fc2-43ff-8329-b27645cd8584
*** Element info: {Using=xpath, value=(//span[@class=&apos;number-of-items navigation-element&apos;])[1]}
	at org.openqa.selenium.remote.codec.w3c.W3CHttpResponseCodec.createException(W3CHttpResponseCodec.java:190)
	at org.openqa.selenium.remote.codec.w3c.W3CHttpResponseCodec.decode(W3CHttpResponseCodec.java:124)
	at org.openqa.selenium.remote.codec.w3c.W3CHttpResponseCodec.decode(W3CHttpResponseCodec.java:51)
	at org.openqa.selenium.remote.HttpCommandExecutor.execute(HttpCommandExecutor.java:161)
	at org.openqa.selenium.remote.service.DriverCommandExecutor.execute(DriverCommandExecutor.java:83)
	at org.openqa.selenium.remote.RemoteWebDriver.execute(RemoteWebDriver.java:577)
	at org.openqa.selenium.remote.RemoteWebDriver.findElement(RemoteWebDriver.java:328)
	at org.openqa.selenium.remote.RemoteWebDriver.findElementByXPath(RemoteWebDriver.java:446)
	at org.openqa.selenium.By$ByXPath.findElement(By.java:353)
	at org.openqa.selenium.remote.RemoteWebDriver.findElement(RemoteWebDriver.java:320)
	at com.atmecs.konakart.utility.Utility.getbjectLocator(Utility.java:78)
	at com.atmecs.konakart.base.Base.getText(Base.java:510)
	at com.atmecs.konakart.script.ProductSearch.positiveSearches(ProductSearch.java:52)
	at java.base/java.util.ArrayList.forEach(ArrayList.java:1540)
	at java.base/java.util.concurrent.FutureTask.run(FutureTask.java:264)
	at java.base/java.util.concurrent.ThreadPoolExecutor.runWorker(ThreadPoolExecutor.java:1128)
	at java.base/java.util.concurrent.ThreadPoolExecutor$Worker.run(ThreadPoolExecutor.java:628)
	at java.base/java.lang.Thread.run(Thread.java:835)
... Removed 23 stack frames</pre></div><a href='#' onClick='toggleBox("stack-trace1718714784", this, "Click to show all stack frames", "Click to hide stack frames")'>Click to show all stack frames</a>
<div class='stack-trace' id='stack-trace1718714784'><pre>org.openqa.selenium.NoSuchElementException: Unable to locate element: (//span[@class=&apos;number-of-items navigation-element&apos;])[1]
For documentation on this error, please visit: https://www.seleniumhq.org/exceptions/no_such_element.html
Build info: version: &apos;4.0.0-alpha-1&apos;, revision: &apos;d1d3728cae&apos;, time: &apos;2019-04-24T13:42:21&apos;
System info: host: &apos;ATMECSINLT-028&apos;, ip: &apos;55.55.54.55&apos;, os.name: &apos;Windows 10&apos;, os.arch: &apos;amd64&apos;, os.version: &apos;10.0&apos;, java.version: &apos;12.0.2&apos;
Driver info: org.openqa.selenium.firefox.FirefoxDriver
Capabilities {acceptInsecureCerts: true, browserName: firefox, browserVersion: 69.0.3, javascriptEnabled: true, moz:accessibilityChecks: false, moz:buildID: 20191009172106, moz:geckodriverVersion: 0.24.0, moz:headless: false, moz:processID: 11300, moz:profile: C:\Users\ranjitha.selvam\Ap..., moz:shutdownTimeout: 60000, moz:useNonSpecCompliantPointerOrigin: false, moz:webdriverClick: true, pageLoadStrategy: normal, platform: WINDOWS, platformName: WINDOWS, platformVersion: 10.0, rotatable: false, setWindowRect: true, strictFileInteractability: false, timeouts: {implicit: 0, pageLoad: 300000, script: 30000}, unhandledPromptBehavior: dismiss and notify}
Session ID: bd1fbbcc-7fc2-43ff-8329-b27645cd8584
*** Element info: {Using=xpath, value=(//span[@class=&apos;number-of-items navigation-element&apos;])[1]}
	at java.base/jdk.internal.reflect.NativeConstructorAccessorImpl.newInstance0(Native Method)
	at java.base/jdk.internal.reflect.NativeConstructorAccessorImpl.newInstance(NativeConstructorAccessorImpl.java:62)
	at java.base/jdk.internal.reflect.DelegatingConstructorAccessorImpl.newInstance(DelegatingConstructorAccessorImpl.java:45)
	at java.base/java.lang.reflect.Constructor.newInstanceWithCaller(Constructor.java:500)
	at java.base/java.lang.reflect.Constructor.newInstance(Constructor.java:481)
	at org.openqa.selenium.remote.codec.w3c.W3CHttpResponseCodec.createException(W3CHttpResponseCodec.java:190)
	at org.openqa.selenium.remote.codec.w3c.W3CHttpResponseCodec.decode(W3CHttpResponseCodec.java:124)
	at org.openqa.selenium.remote.codec.w3c.W3CHttpResponseCodec.decode(W3CHttpResponseCodec.java:51)
	at org.openqa.selenium.remote.HttpCommandExecutor.execute(HttpCommandExecutor.java:161)
	at org.openqa.selenium.remote.service.DriverCommandExecutor.execute(DriverCommandExecutor.java:83)
	at org.openqa.selenium.remote.RemoteWebDriver.execute(RemoteWebDriver.java:577)
	at org.openqa.selenium.remote.RemoteWebDriver.findElement(RemoteWebDriver.java:328)
	at org.openqa.selenium.remote.RemoteWebDriver.findElementByXPath(RemoteWebDriver.java:446)
	at org.openqa.selenium.By$ByXPath.findElement(By.java:353)
	at org.openqa.selenium.remote.RemoteWebDriver.findElement(RemoteWebDriver.java:320)
	at com.atmecs.konakart.utility.Utility.getbjectLocator(Utility.java:78)
	at com.atmecs.konakart.base.Base.getText(Base.java:510)
	at com.atmecs.konakart.script.ProductSearch.positiveSearches(ProductSearch.java:52)
	at java.base/jdk.internal.reflect.NativeMethodAccessorImpl.invoke0(Native Method)
	at java.base/jdk.internal.reflect.NativeMethodAccessorImpl.invoke(NativeMethodAccessorImpl.java:62)
	at java.base/jdk.internal.reflect.DelegatingMethodAccessorImpl.invoke(DelegatingMethodAccessorImpl.java:43)
	at java.base/java.lang.reflect.Method.invoke(Method.java:567)
	at org.testng.internal.MethodInvocationHelper.invokeMethod(MethodInvocationHelper.java:133)
	at org.testng.internal.TestInvoker.invokeMethod(TestInvoker.java:584)
	at org.testng.internal.TestInvoker.invokeTestMethod(TestInvoker.java:172)
	at org.testng.internal.MethodRunner.runInSequence(MethodRunner.java:46)
	at org.testng.internal.TestInvoker$MethodInvocationAgent.invoke(TestInvoker.java:804)
	at org.testng.internal.TestInvoker.invokeTestMethods(TestInvoker.java:145)
	at org.testng.internal.TestMethodWorker.invokeTestMethods(TestMethodWorker.java:146)
	at org.testng.internal.TestMethodWorker.run(TestMethodWorker.java:128)
	at java.base/java.util.ArrayList.forEach(ArrayList.java:1540)
	at org.testng.TestRunner.privateRun(TestRunner.java:770)
	at org.testng.TestRunner.run(TestRunner.java:591)
	at org.testng.SuiteRunner.runTest(SuiteRunner.java:402)
	at org.testng.SuiteRunner.access$000(SuiteRunner.java:41)
	at org.testng.SuiteRunner$SuiteWorker.run(SuiteRunner.java:443)
	at org.testng.internal.thread.ThreadUtil.lambda$execute$0(ThreadUtil.java:67)
	at java.base/java.util.concurrent.FutureTask.run(FutureTask.java:264)
	at java.base/java.util.concurrent.ThreadPoolExecutor.runWorker(ThreadPoolExecutor.java:1128)
	at java.base/java.util.concurrent.ThreadPoolExecutor$Worker.run(ThreadPoolExecutor.java:628)
	at java.base/java.lang.Thread.run(Thread.java:835)
</pre></div></td>
<td>31</td>
<td>com.atmecs.konakart.script.ProductSearch@6cf0e0ba</td></tr>
<tr>
<td title='com.atmecs.konakart.script.ProductSearch.positiveSearches()'><b>positiveSearches</b><br>Test class: com.atmecs.konakart.script.ProductSearch<br>Parameters: Home & Garden, De'Longhi BCO 410, 1-1 of 1 products</td>
<td><div><pre>org.openqa.selenium.NoSuchElementException: Unable to locate element: (//span[@class=&apos;number-of-items navigation-element&apos;])[1]
For documentation on this error, please visit: https://www.seleniumhq.org/exceptions/no_such_element.html
Build info: version: &apos;4.0.0-alpha-1&apos;, revision: &apos;d1d3728cae&apos;, time: &apos;2019-04-24T13:42:21&apos;
System info: host: &apos;ATMECSINLT-028&apos;, ip: &apos;55.55.54.55&apos;, os.name: &apos;Windows 10&apos;, os.arch: &apos;amd64&apos;, os.version: &apos;10.0&apos;, java.version: &apos;12.0.2&apos;
Driver info: org.openqa.selenium.firefox.FirefoxDriver
Capabilities {acceptInsecureCerts: true, browserName: firefox, browserVersion: 69.0.3, javascriptEnabled: true, moz:accessibilityChecks: false, moz:buildID: 20191009172106, moz:geckodriverVersion: 0.24.0, moz:headless: false, moz:processID: 11300, moz:profile: C:\Users\ranjitha.selvam\Ap..., moz:shutdownTimeout: 60000, moz:useNonSpecCompliantPointerOrigin: false, moz:webdriverClick: true, pageLoadStrategy: normal, platform: WINDOWS, platformName: WINDOWS, platformVersion: 10.0, rotatable: false, setWindowRect: true, strictFileInteractability: false, timeouts: {implicit: 0, pageLoad: 300000, script: 30000}, unhandledPromptBehavior: dismiss and notify}
Session ID: bd1fbbcc-7fc2-43ff-8329-b27645cd8584
*** Element info: {Using=xpath, value=(//span[@class=&apos;number-of-items navigation-element&apos;])[1]}
	at org.openqa.selenium.remote.codec.w3c.W3CHttpResponseCodec.createException(W3CHttpResponseCodec.java:190)
	at org.openqa.selenium.remote.codec.w3c.W3CHttpResponseCodec.decode(W3CHttpResponseCodec.java:124)
	at org.openqa.selenium.remote.codec.w3c.W3CHttpResponseCodec.decode(W3CHttpResponseCodec.java:51)
	at org.openqa.selenium.remote.HttpCommandExecutor.execute(HttpCommandExecutor.java:161)
	at org.openqa.selenium.remote.service.DriverCommandExecutor.execute(DriverCommandExecutor.java:83)
	at org.openqa.selenium.remote.RemoteWebDriver.execute(RemoteWebDriver.java:577)
	at org.openqa.selenium.remote.RemoteWebDriver.findElement(RemoteWebDriver.java:328)
	at org.openqa.selenium.remote.RemoteWebDriver.findElementByXPath(RemoteWebDriver.java:446)
	at org.openqa.selenium.By$ByXPath.findElement(By.java:353)
	at org.openqa.selenium.remote.RemoteWebDriver.findElement(RemoteWebDriver.java:320)
	at com.atmecs.konakart.utility.Utility.getbjectLocator(Utility.java:78)
	at com.atmecs.konakart.base.Base.getText(Base.java:510)
	at com.atmecs.konakart.script.ProductSearch.positiveSearches(ProductSearch.java:52)
	at java.base/java.util.ArrayList.forEach(ArrayList.java:1540)
	at java.base/java.util.concurrent.FutureTask.run(FutureTask.java:264)
	at java.base/java.util.concurrent.ThreadPoolExecutor.runWorker(ThreadPoolExecutor.java:1128)
	at java.base/java.util.concurrent.ThreadPoolExecutor$Worker.run(ThreadPoolExecutor.java:628)
	at java.base/java.lang.Thread.run(Thread.java:835)
... Removed 23 stack frames</pre></div><a href='#' onClick='toggleBox("stack-trace1228588412", this, "Click to show all stack frames", "Click to hide stack frames")'>Click to show all stack frames</a>
<div class='stack-trace' id='stack-trace1228588412'><pre>org.openqa.selenium.NoSuchElementException: Unable to locate element: (//span[@class=&apos;number-of-items navigation-element&apos;])[1]
For documentation on this error, please visit: https://www.seleniumhq.org/exceptions/no_such_element.html
Build info: version: &apos;4.0.0-alpha-1&apos;, revision: &apos;d1d3728cae&apos;, time: &apos;2019-04-24T13:42:21&apos;
System info: host: &apos;ATMECSINLT-028&apos;, ip: &apos;55.55.54.55&apos;, os.name: &apos;Windows 10&apos;, os.arch: &apos;amd64&apos;, os.version: &apos;10.0&apos;, java.version: &apos;12.0.2&apos;
Driver info: org.openqa.selenium.firefox.FirefoxDriver
Capabilities {acceptInsecureCerts: true, browserName: firefox, browserVersion: 69.0.3, javascriptEnabled: true, moz:accessibilityChecks: false, moz:buildID: 20191009172106, moz:geckodriverVersion: 0.24.0, moz:headless: false, moz:processID: 11300, moz:profile: C:\Users\ranjitha.selvam\Ap..., moz:shutdownTimeout: 60000, moz:useNonSpecCompliantPointerOrigin: false, moz:webdriverClick: true, pageLoadStrategy: normal, platform: WINDOWS, platformName: WINDOWS, platformVersion: 10.0, rotatable: false, setWindowRect: true, strictFileInteractability: false, timeouts: {implicit: 0, pageLoad: 300000, script: 30000}, unhandledPromptBehavior: dismiss and notify}
Session ID: bd1fbbcc-7fc2-43ff-8329-b27645cd8584
*** Element info: {Using=xpath, value=(//span[@class=&apos;number-of-items navigation-element&apos;])[1]}
	at java.base/jdk.internal.reflect.NativeConstructorAccessorImpl.newInstance0(Native Method)
	at java.base/jdk.internal.reflect.NativeConstructorAccessorImpl.newInstance(NativeConstructorAccessorImpl.java:62)
	at java.base/jdk.internal.reflect.DelegatingConstructorAccessorImpl.newInstance(DelegatingConstructorAccessorImpl.java:45)
	at java.base/java.lang.reflect.Constructor.newInstanceWithCaller(Constructor.java:500)
	at java.base/java.lang.reflect.Constructor.newInstance(Constructor.java:481)
	at org.openqa.selenium.remote.codec.w3c.W3CHttpResponseCodec.createException(W3CHttpResponseCodec.java:190)
	at org.openqa.selenium.remote.codec.w3c.W3CHttpResponseCodec.decode(W3CHttpResponseCodec.java:124)
	at org.openqa.selenium.remote.codec.w3c.W3CHttpResponseCodec.decode(W3CHttpResponseCodec.java:51)
	at org.openqa.selenium.remote.HttpCommandExecutor.execute(HttpCommandExecutor.java:161)
	at org.openqa.selenium.remote.service.DriverCommandExecutor.execute(DriverCommandExecutor.java:83)
	at org.openqa.selenium.remote.RemoteWebDriver.execute(RemoteWebDriver.java:577)
	at org.openqa.selenium.remote.RemoteWebDriver.findElement(RemoteWebDriver.java:328)
	at org.openqa.selenium.remote.RemoteWebDriver.findElementByXPath(RemoteWebDriver.java:446)
	at org.openqa.selenium.By$ByXPath.findElement(By.java:353)
	at org.openqa.selenium.remote.RemoteWebDriver.findElement(RemoteWebDriver.java:320)
	at com.atmecs.konakart.utility.Utility.getbjectLocator(Utility.java:78)
	at com.atmecs.konakart.base.Base.getText(Base.java:510)
	at com.atmecs.konakart.script.ProductSearch.positiveSearches(ProductSearch.java:52)
	at java.base/jdk.internal.reflect.NativeMethodAccessorImpl.invoke0(Native Method)
	at java.base/jdk.internal.reflect.NativeMethodAccessorImpl.invoke(NativeMethodAccessorImpl.java:62)
	at java.base/jdk.internal.reflect.DelegatingMethodAccessorImpl.invoke(DelegatingMethodAccessorImpl.java:43)
	at java.base/java.lang.reflect.Method.invoke(Method.java:567)
	at org.testng.internal.MethodInvocationHelper.invokeMethod(MethodInvocationHelper.java:133)
	at org.testng.internal.TestInvoker.invokeMethod(TestInvoker.java:584)
	at org.testng.internal.TestInvoker.invokeTestMethod(TestInvoker.java:172)
	at org.testng.internal.MethodRunner.runInSequence(MethodRunner.java:46)
	at org.testng.internal.TestInvoker$MethodInvocationAgent.invoke(TestInvoker.java:804)
	at org.testng.internal.TestInvoker.invokeTestMethods(TestInvoker.java:145)
	at org.testng.internal.TestMethodWorker.invokeTestMethods(TestMethodWorker.java:146)
	at org.testng.internal.TestMethodWorker.run(TestMethodWorker.java:128)
	at java.base/java.util.ArrayList.forEach(ArrayList.java:1540)
	at org.testng.TestRunner.privateRun(TestRunner.java:770)
	at org.testng.TestRunner.run(TestRunner.java:591)
	at org.testng.SuiteRunner.runTest(SuiteRunner.java:402)
	at org.testng.SuiteRunner.access$000(SuiteRunner.java:41)
	at org.testng.SuiteRunner$SuiteWorker.run(SuiteRunner.java:443)
	at org.testng.internal.thread.ThreadUtil.lambda$execute$0(ThreadUtil.java:67)
	at java.base/java.util.concurrent.FutureTask.run(FutureTask.java:264)
	at java.base/java.util.concurrent.ThreadPoolExecutor.runWorker(ThreadPoolExecutor.java:1128)
	at java.base/java.util.concurrent.ThreadPoolExecutor$Worker.run(ThreadPoolExecutor.java:628)
	at java.base/java.lang.Thread.run(Thread.java:835)
</pre></div></td>
<td>31</td>
<td>com.atmecs.konakart.script.ProductSearch@6cf0e0ba</td></tr>
</table><p>
<table width='100%' border='1' class='invocation-passed'>
<tr><td colspan='4' align='center'><b>PASSED TESTS</b></td></tr>
<tr><td><b>Test method</b></td>
<td width="30%"><b>Exception</b></td>
<td width="10%"><b>Time (seconds)</b></td>
<td><b>Instance</b></td>
</tr>
<tr>
<td title='com.atmecs.konakart.script.ProductSearch.negativeSearches()'><b>negativeSearches</b><br>Test class: com.atmecs.konakart.script.ProductSearch<br>Parameters: All, 123.0, There are no available products.</td>
<td></td>
<td>2</td>
<td>com.atmecs.konakart.script.ProductSearch@6cf0e0ba</td></tr>
<tr>
<td title='com.atmecs.konakart.script.ProductSearch.negativeSearches()'><b>negativeSearches</b><br>Test class: com.atmecs.konakart.script.ProductSearch<br>Parameters: Computer Peripherals, abc, There are no available products.</td>
<td></td>
<td>2</td>
<td>com.atmecs.konakart.script.ProductSearch@6cf0e0ba</td></tr>
<tr>
<td title='com.atmecs.konakart.script.ProductSearch.negativeSearches()'><b>negativeSearches</b><br>Test class: com.atmecs.konakart.script.ProductSearch<br>Parameters: Games, %$@#, There are no available products.</td>
<td></td>
<td>2</td>
<td>com.atmecs.konakart.script.ProductSearch@6cf0e0ba</td></tr>
<tr>
<td title='com.atmecs.konakart.script.ProductSearch.negativeSearches()'><b>negativeSearches</b><br>Test class: com.atmecs.konakart.script.ProductSearch<br>Parameters: DVD Movies, :lmhy, There are no available products.</td>
<td></td>
<td>2</td>
<td>com.atmecs.konakart.script.ProductSearch@6cf0e0ba</td></tr>
<tr>
<td title='com.atmecs.konakart.script.ProductSearch.negativeSearches()'><b>negativeSearches</b><br>Test class: com.atmecs.konakart.script.ProductSearch<br>Parameters: Software, 9987.0, There are no available products.</td>
<td></td>
<td>1</td>
<td>com.atmecs.konakart.script.ProductSearch@6cf0e0ba</td></tr>
<tr>
<td title='com.atmecs.konakart.script.ProductSearch.negativeSearches()'><b>negativeSearches</b><br>Test class: com.atmecs.konakart.script.ProductSearch<br>Parameters: Electronics, 123.0, There are no available products.</td>
<td></td>
<td>2</td>
<td>com.atmecs.konakart.script.ProductSearch@6cf0e0ba</td></tr>
<tr>
<td title='com.atmecs.konakart.script.ProductSearch.negativeSearches()'><b>negativeSearches</b><br>Test class: com.atmecs.konakart.script.ProductSearch<br>Parameters: Home & Garden, abxg, No products were found for your search of abxg . Click on any of the following suggestions to retry:
abug
able</td>
<td></td>
<td>2</td>
<td>com.atmecs.konakart.script.ProductSearch@6cf0e0ba</td></tr>
<tr>
<td title='com.atmecs.konakart.script.ProductSearch.negativeSearches()'><b>negativeSearches</b><br>Test class: com.atmecs.konakart.script.ProductSearch<br>Parameters: Gifts, 123.0, There are no available products.</td>
<td></td>
<td>2</td>
<td>com.atmecs.konakart.script.ProductSearch@6cf0e0ba</td></tr>
<tr>
<td title='com.atmecs.konakart.script.ProductSearch.positiveSearches()'><b>positiveSearches</b><br>Test class: com.atmecs.konakart.script.ProductSearch<br>Parameters: All, samsung, 1-4 of 4 products</td>
<td></td>
<td>3</td>
<td>com.atmecs.konakart.script.ProductSearch@6cf0e0ba</td></tr>
<tr>
<td title='com.atmecs.konakart.script.ProductSearch.positiveSearches()'><b>positiveSearches</b><br>Test class: com.atmecs.konakart.script.ProductSearch<br>Parameters: Computer Peripherals, Bundle Saver, 1-1 of 1 products</td>
<td></td>
<td>2</td>
<td>com.atmecs.konakart.script.ProductSearch@6cf0e0ba</td></tr>
<tr>
<td title='com.atmecs.konakart.script.ProductSearch.positiveSearches()'><b>positiveSearches</b><br>Test class: com.atmecs.konakart.script.ProductSearch<br>Parameters: Games, call of duty, 1-1 of 1 products</td>
<td></td>
<td>2</td>
<td>com.atmecs.konakart.script.ProductSearch@6cf0e0ba</td></tr>
<tr>
<td title='com.atmecs.konakart.script.ProductSearch.positiveSearches()'><b>positiveSearches</b><br>Test class: com.atmecs.konakart.script.ProductSearch<br>Parameters: DVD Movies, A Bug's Life, 1-1 of 1 products</td>
<td></td>
<td>2</td>
<td>com.atmecs.konakart.script.ProductSearch@6cf0e0ba</td></tr>
<tr>
<td title='com.atmecs.konakart.script.ProductSearch.positiveSearches()'><b>positiveSearches</b><br>Test class: com.atmecs.konakart.script.ProductSearch<br>Parameters: Software, win8pro, 1-1 of 1 products</td>
<td></td>
<td>2</td>
<td>com.atmecs.konakart.script.ProductSearch@6cf0e0ba</td></tr>
<tr>
<td title='com.atmecs.konakart.script.ProductSearch.positiveSearches()'><b>positiveSearches</b><br>Test class: com.atmecs.konakart.script.ProductSearch<br>Parameters: Gifts, gift certificate, 1-1 of 1 products</td>
<td></td>
<td>2</td>
<td>com.atmecs.konakart.script.ProductSearch@6cf0e0ba</td></tr>
</table><p>
</body>
</html>