<?xml version="1.0" encoding="UTF-8"?>
<!-- Generated by org.testng.reporters.JUnitXMLReporter -->
<testsuite ignored="0" hostname="ATMECSINLT-028" failures="0" tests="16" name="Default test" time="1.103" errors="0" timestamp="2019-10-21T19:36:02 IST">
  <testcase classname="com.atmecs.konakart.base.Base" name="@BeforeClass getBrowser" time="-1.571666761819E9">
    <failure type="org.testng.TestNGException" message="
Parameter &amp;apos;browser&amp;apos; is required by BeforeClass on method getBrowser but has not been marked @Optional or defined
in C:\Users\ranjitha.selvam\AppData\Local\Temp\testng-eclipse--246682427\testng-customsuite.xml">
      <![CDATA[org.testng.TestNGException: 
Parameter 'browser' is required by BeforeClass on method getBrowser but has not been marked @Optional or defined
in C:\Users\ranjitha.selvam\AppData\Local\Temp\testng-eclipse--246682427\testng-customsuite.xml
at org.testng.internal.Parameters.createParams(Parameters.java:289)
at org.testng.internal.Parameters.createParametersForMethod(Parameters.java:377)
at org.testng.internal.Parameters.createParameters(Parameters.java:721)
at org.testng.internal.Parameters.createConfigurationParameters(Parameters.java:164)
at org.testng.internal.ConfigInvoker.invokeConfigurations(ConfigInvoker.java:275)
at org.testng.internal.TestMethodWorker.invokeBeforeClassMethods(TestMethodWorker.java:176)
at org.testng.internal.TestMethodWorker.run(TestMethodWorker.java:122)
at java.base/java.util.ArrayList.forEach(ArrayList.java:1540)
at org.testng.TestRunner.privateRun(TestRunner.java:770)
at org.testng.TestRunner.run(TestRunner.java:591)
at org.testng.SuiteRunner.runTest(SuiteRunner.java:402)
at org.testng.SuiteRunner.runSequentially(SuiteRunner.java:396)
at org.testng.SuiteRunner.privateRun(SuiteRunner.java:355)
at org.testng.SuiteRunner.run(SuiteRunner.java:304)
at org.testng.SuiteRunnerWorker.runSuite(SuiteRunnerWorker.java:53)
at org.testng.SuiteRunnerWorker.run(SuiteRunnerWorker.java:96)
at org.testng.TestNG.runSuitesSequentially(TestNG.java:1180)
at org.testng.TestNG.runSuitesLocally(TestNG.java:1102)
at org.testng.TestNG.runSuites(TestNG.java:1032)
at org.testng.TestNG.run(TestNG.java:1000)
at org.testng.remote.AbstractRemoteTestNG.run(AbstractRemoteTestNG.java:115)
at org.testng.remote.RemoteTestNG.initAndRun(RemoteTestNG.java:251)
at org.testng.remote.RemoteTestNG.main(RemoteTestNG.java:77)
]]>
    </failure>
  </testcase> <!-- @BeforeClass getBrowser -->
  <testcase classname="com.atmecs.konakart.script.ProductSearch" name="@AfterClass closeBrwser" time="-1.57166676289E9">
    <skipped/>
  </testcase> <!-- @AfterClass closeBrwser -->
  <testcase classname="com.atmecs.konakart.script.ProductSearch" name="positiveSearches" time="0.0">
    <skipped/>
  </testcase> <!-- positiveSearches -->
  <testcase classname="com.atmecs.konakart.script.ProductSearch" name="positiveSearches" time="0.0">
    <skipped/>
  </testcase> <!-- positiveSearches -->
  <testcase classname="com.atmecs.konakart.script.ProductSearch" name="positiveSearches" time="0.0">
    <skipped/>
  </testcase> <!-- positiveSearches -->
  <testcase classname="com.atmecs.konakart.script.ProductSearch" name="positiveSearches" time="0.0">
    <skipped/>
  </testcase> <!-- positiveSearches -->
  <testcase classname="com.atmecs.konakart.script.ProductSearch" name="positiveSearches" time="0.0">
    <skipped/>
  </testcase> <!-- positiveSearches -->
  <testcase classname="com.atmecs.konakart.script.ProductSearch" name="positiveSearches" time="0.0">
    <skipped/>
  </testcase> <!-- positiveSearches -->
  <testcase classname="com.atmecs.konakart.script.ProductSearch" name="positiveSearches" time="0.0">
    <skipped/>
  </testcase> <!-- positiveSearches -->
  <testcase classname="com.atmecs.konakart.script.ProductSearch" name="positiveSearches" time="0.0">
    <skipped/>
  </testcase> <!-- positiveSearches -->
  <testcase classname="com.atmecs.konakart.script.ProductSearch" name="negativeSearches" time="0.0">
    <skipped/>
  </testcase> <!-- negativeSearches -->
  <testcase classname="com.atmecs.konakart.script.ProductSearch" name="negativeSearches" time="0.0">
    <skipped/>
  </testcase> <!-- negativeSearches -->
  <testcase classname="com.atmecs.konakart.script.ProductSearch" name="negativeSearches" time="0.0">
    <skipped/>
  </testcase> <!-- negativeSearches -->
  <testcase classname="com.atmecs.konakart.script.ProductSearch" name="negativeSearches" time="0.0">
    <skipped/>
  </testcase> <!-- negativeSearches -->
  <testcase classname="com.atmecs.konakart.script.ProductSearch" name="negativeSearches" time="0.0">
    <skipped/>
  </testcase> <!-- negativeSearches -->
  <testcase classname="com.atmecs.konakart.script.ProductSearch" name="negativeSearches" time="0.0">
    <skipped/>
  </testcase> <!-- negativeSearches -->
  <testcase classname="com.atmecs.konakart.script.ProductSearch" name="negativeSearches" time="0.0">
    <skipped/>
  </testcase> <!-- negativeSearches -->
  <testcase classname="com.atmecs.konakart.script.ProductSearch" name="negativeSearches" time="0.0">
    <skipped/>
  </testcase> <!-- negativeSearches -->
</testsuite> <!-- Default test -->
